<?xml version="1.0" encoding="UTF-8"?>
<!-- Generated by org.testng.reporters.JUnitReportReporter -->
<testsuite hostname="DESKTOP-QIUO6FV" failures="1" tests="12" name="testcases.rediff.StockManagement" time="0.768" errors="0" timestamp="2021-08-17T21:04:30 IST" skipped="11">
  <testcase classname="testcases.rediff.StockManagement" name="verifyTransactionHistory" time="0.001">
    <skipped/>
  </testcase> <!-- verifyTransactionHistory -->
  <testcase classname="testcases.rediff.StockManagement" name="modifyStock" time="0.001">
    <skipped/>
  </testcase> <!-- modifyStock -->
  <testcase classname="testcases.rediff.StockManagement" name="verifyStockQuantity" time="0.001">
    <skipped/>
  </testcase> <!-- verifyStockQuantity -->
  <testcase classname="testcases.rediff.StockManagement" name="verifyTransactionHistory" time="0.001">
    <skipped/>
  </testcase> <!-- verifyTransactionHistory -->
  <testcase classname="testcases.rediff.StockManagement" name="verifyStockPresent" time="0.002">
    <skipped/>
  </testcase> <!-- verifyStockPresent -->
  <testcase classname="testcases.rediff.StockManagement" name="verifyStockPresent" time="0.000">
    <skipped/>
  </testcase> <!-- verifyStockPresent -->
  <testcase classname="testcases.rediff.StockManagement" name="verifyTransactionHistory" time="0.001">
    <skipped/>
  </testcase> <!-- verifyTransactionHistory -->
  <testcase classname="testcases.rediff.StockManagement" name="verifyStockPresent" time="0.759">
    <failure message="The following asserts failed:
	Stock Not present Birla Corporation Ltd" type="java.lang.AssertionError">
      <![CDATA[java.lang.AssertionError: The following asserts failed:
Stock Not present Birla Corporation Ltd
at org.testng.asserts.SoftAssert.assertAll(SoftAssert.java:47)
at org.testng.asserts.SoftAssert.assertAll(SoftAssert.java:31)
at keywords.GenericKeywords.assertAll(GenericKeywords.java:166)
at keywords.GenericKeywords.reportFailure(GenericKeywords.java:162)
at testcases.rediff.StockManagement.verifyStockPresent(StockManagement.java:76)
at java.base/jdk.internal.reflect.NativeMethodAccessorImpl.invoke0(Native Method)
at java.base/jdk.internal.reflect.NativeMethodAccessorImpl.invoke(NativeMethodAccessorImpl.java:64)
at java.base/jdk.internal.reflect.DelegatingMethodAccessorImpl.invoke(DelegatingMethodAccessorImpl.java:43)
at java.base/java.lang.reflect.Method.invoke(Method.java:564)
at org.testng.internal.MethodInvocationHelper.invokeMethod(MethodInvocationHelper.java:133)
at org.testng.internal.TestInvoker.invokeMethod(TestInvoker.java:584)
at org.testng.internal.TestInvoker.invokeTestMethod(TestInvoker.java:172)
at org.testng.internal.MethodRunner.runInSequence(MethodRunner.java:46)
at org.testng.internal.TestInvoker$MethodInvocationAgent.invoke(TestInvoker.java:804)
at org.testng.internal.TestInvoker.invokeTestMethods(TestInvoker.java:145)
at org.testng.internal.TestMethodWorker.invokeTestMethods(TestMethodWorker.java:146)
at org.testng.internal.TestMethodWorker.run(TestMethodWorker.java:128)
at java.base/java.util.ArrayList.forEach(ArrayList.java:1511)
at org.testng.TestRunner.privateRun(TestRunner.java:770)
at org.testng.TestRunner.run(TestRunner.java:591)
at org.testng.SuiteRunner.runTest(SuiteRunner.java:402)
at org.testng.SuiteRunner.runSequentially(SuiteRunner.java:396)
at org.testng.SuiteRunner.privateRun(SuiteRunner.java:355)
at org.testng.SuiteRunner.run(SuiteRunner.java:304)
at org.testng.SuiteRunnerWorker.runSuite(SuiteRunnerWorker.java:53)
at org.testng.SuiteRunnerWorker.run(SuiteRunnerWorker.java:96)
at org.testng.TestNG.runSuitesSequentially(TestNG.java:1180)
at org.testng.TestNG.runSuitesLocally(TestNG.java:1102)
at org.testng.TestNG.runSuites(TestNG.java:1032)
at org.testng.TestNG.run(TestNG.java:1000)
at org.testng.remote.AbstractRemoteTestNG.run(AbstractRemoteTestNG.java:115)
at org.testng.remote.RemoteTestNG.initAndRun(RemoteTestNG.java:251)
at org.testng.remote.RemoteTestNG.main(RemoteTestNG.java:77)
]]>
    </failure>
  </testcase> <!-- verifyStockPresent -->
  <testcase classname="testcases.rediff.StockManagement" name="addNewStock" time="0.001">
    <skipped/>
  </testcase> <!-- addNewStock -->
  <testcase classname="testcases.rediff.StockManagement" name="verifyStockQuantity" time="0.001">
    <skipped/>
  </testcase> <!-- verifyStockQuantity -->
  <testcase classname="testcases.rediff.StockManagement" name="verifyStockQuantity" time="0.000">
    <skipped/>
  </testcase> <!-- verifyStockQuantity -->
  <testcase classname="testcases.rediff.StockManagement" name="modifyStock" time="0.000">
    <skipped/>
  </testcase> <!-- modifyStock -->
</testsuite> <!-- testcases.rediff.StockManagement -->
