<?xml version="1.0" encoding="UTF-8"?>
<!-- Generated by org.testng.reporters.JUnitReportReporter -->
<testsuite hostname="DESKTOP-QIUO6FV" failures="0" tests="2" name="testcases.rediff.PortfolioManagement" time="46.595" errors="0" timestamp="2021-08-19T14:09:55 IST" skipped="0">
  <testcase classname="testcases.rediff.PortfolioManagement" name="deletePortfolio" time="6.312"/>
  <testcase classname="testcases.rediff.PortfolioManagement" name="createPortfolio" time="40.283"/>
</testsuite> <!-- testcases.rediff.PortfolioManagement -->
