<?xml version="1.0" encoding="UTF-8"?>
<!-- Generated by org.testng.reporters.JUnitReportReporter -->
<testsuite hostname="DESKTOP-QIUO6FV" failures="0" tests="1" name="testcases.CreatePortfolioTest" time="62.025" errors="0" timestamp="2021-07-28T07:20:43 IST" skipped="0">
  <testcase classname="testcases.CreatePortfolioTest" name="createPortfolioTest" time="62.025"/>
</testsuite> <!-- testcases.CreatePortfolioTest -->
